<?xml version="1.0" encoding="UTF-8"?>
<testng-results ignored="0" total="1" passed="1" failed="0" skipped="0">
  <reporter-output>
  </reporter-output>
  <suite started-at="2023-09-30T16:35:34Z" name="Default suite" finished-at="2023-09-30T16:35:42Z" duration-ms="7851">
    <groups>
    </groups>
    <test started-at="2023-09-30T16:35:34Z" name="Default test" finished-at="2023-09-30T16:35:42Z" duration-ms="7851">
      <class name="pruebaSelenium.NewTest">
        <test-method signature="f()[pri:0, instance:pruebaSelenium.NewTest@5afa3c9]" started-at="2023-09-30T10:35:34Z" name="f" finished-at="2023-09-30T10:35:42Z" duration-ms="7836" status="PASS">
          <reporter-output>
          </reporter-output>
        </test-method> <!-- f -->
      </class> <!-- pruebaSelenium.NewTest -->
    </test> <!-- Default test -->
  </suite> <!-- Default suite -->
</testng-results>
